Forward Mesh   = C:\New_link\junk
Frequency      = 0.000000 MHz
Initial Regularization  = 10
Filtering        = 0
Output Files   = junkrecon_etamuaf.solInitial Guess muaf = 1.830340e-003

---------------------------------
Iteration_fl Number          = 1
Projection_fl error          = 1.742944
Regularization Fluor            = 1.408677
---------------------------------
Iteration_fl Number          = 2
Projection_fl error          = 1.142008
Projection error change   = 34.478227 %
Regularization Fluor            = 1.407713
---------------------------------
Iteration_fl Number          = 3
Projection_fl error          = 0.765015
Projection error change   = 33.011430 %
Regularization Fluor            = 1.406996
---------------------------------
Iteration_fl Number          = 4
Projection_fl error          = 0.529732
Projection error change   = 30.755343 %
Regularization Fluor            = 1.406551
---------------------------------
Iteration_fl Number          = 5
Projection_fl error          = 0.382458
Projection error change   = 27.801507 %
Regularization Fluor            = 1.406341
---------------------------------
Iteration_fl Number          = 6
Projection_fl error          = 0.289412
Projection error change   = 24.328539 %
Regularization Fluor            = 1.406311
---------------------------------
Iteration_fl Number          = 7
Projection_fl error          = 0.229744
Projection error change   = 20.616887 %
Regularization Fluor            = 1.406408
---------------------------------
Iteration_fl Number          = 8
Projection_fl error          = 0.190712
Projection error change   = 16.989353 %
Regularization Fluor            = 1.406587
---------------------------------
Iteration_fl Number          = 9
Projection_fl error          = 0.164551
Projection error change   = 13.717717 %
Regularization Fluor            = 1.406813
---------------------------------
Iteration_fl Number          = 10
Projection_fl error          = 0.146520
Projection error change   = 10.957239 %
Regularization Fluor            = 1.407060
---------------------------------
Iteration_fl Number          = 11
Projection_fl error          = 0.133712
Projection error change   = 8.741471 %
Regularization Fluor            = 1.407311
---------------------------------
Iteration_fl Number          = 12
Projection_fl error          = 0.124325
Projection error change   = 7.020281 %
Regularization Fluor            = 1.407555
---------------------------------
Iteration_fl Number          = 13
Projection_fl error          = 0.117231
Projection error change   = 5.706124 %
Regularization Fluor            = 1.407784
---------------------------------
Iteration_fl Number          = 14
Projection_fl error          = 0.111713
Projection error change   = 4.707127 %
Regularization Fluor            = 1.407994
---------------------------------
Iteration_fl Number          = 15
Projection_fl error          = 0.107308
Projection error change   = 3.943561 %
Regularization Fluor            = 1.408184
---------------------------------
Iteration_fl Number          = 16
Projection_fl error          = 0.103710
Projection error change   = 3.352708 %
Regularization Fluor            = 1.408354
---------------------------------
Iteration_fl Number          = 17
Projection_fl error          = 0.100715
Projection error change   = 2.887883 %
Regularization Fluor            = 1.408504
---------------------------------
Iteration_fl Number          = 18
Projection_fl error          = 0.098181
Projection error change   = 2.515387 %
Regularization Fluor            = 1.408637
---------------------------------
Iteration_fl Number          = 19
Projection_fl error          = 0.096010
Projection error change   = 2.211259 %
Regularization Fluor            = 1.408753
---------------------------------
Iteration_fl Number          = 20
Projection_fl error          = 0.094130
Projection error change   = 1.958547 %
---------------------------------
STOPPING CRITERIA FOR FLUORESCENCE COMPONENT REACHED
