Forward Mesh   = junk
Frequency      = 0.000000 MHz
Data File      = junk.paa
Initial Regularization  = 10
Filtering        = 0
Output Files   = junkkkk_etamuaf.solInitial Guess muaf = 1.830340e-003

---------------------------------
Iteration_fl Number          = 1
Projection_fl error          = 3.377303
Regularization Fluor            = 13.830352
---------------------------------
Iteration_fl Number          = 2
Projection_fl error          = 2.940267
Projection error change   = 12.940381 %
Regularization Fluor            = 13.830352
---------------------------------
Iteration_fl Number          = 3
Projection_fl error          = 2.937292
Projection error change   = 0.101175 %
---------------------------------
STOPPING CRITERIA FOR FLUORESCENCE COMPONENT REACHED
